TN:
SF:C:\_dev2\g2moku\src\js\config.js
FNF:0
FNH:0
DA:1,1
LF:1
LH:1
BRDA:1,1,0,1
BRDA:1,1,1,1
BRF:2
BRH:2
end_of_record
TN:
SF:C:\_dev2\g2moku\src\js\index.js
FNF:0
FNH:0
DA:1,1
LF:1
LH:1
BRDA:1,1,0,1
BRDA:1,1,1,1
BRF:2
BRH:2
end_of_record
TN:
SF:C:\_dev2\g2moku\src\js\main.js
FNF:0
FNH:0
DA:1,1
LF:1
LH:1
BRDA:1,1,0,1
BRDA:1,1,1,1
BRF:2
BRH:2
end_of_record
TN:
SF:C:\_dev2\g2moku\src\js\objects\Game.js
FNF:0
FNH:0
DA:1,1
LF:1
LH:1
BRDA:1,1,0,1
BRDA:1,1,1,1
BRF:2
BRH:2
end_of_record
TN:
SF:C:\_dev2\g2moku\src\js\objects\Utils.js
FNF:0
FNH:0
DA:1,1
LF:1
LH:1
BRDA:1,1,0,1
BRDA:1,1,1,1
BRF:2
BRH:2
end_of_record
TN:
SF:C:\_dev2\g2moku\src\js\states\Boot.js
FNF:0
FNH:0
DA:1,1
LF:1
LH:1
BRDA:1,1,0,1
BRDA:1,1,1,1
BRF:2
BRH:2
end_of_record
TN:
SF:C:\_dev2\g2moku\src\js\states\Play.js
FNF:0
FNH:0
DA:1,1
LF:1
LH:1
BRDA:1,1,0,1
BRDA:1,1,1,1
BRF:2
BRH:2
end_of_record
TN:
SF:C:\_dev2\g2moku\src\js\states\Preload.js
FNF:0
FNH:0
DA:1,1
LF:1
LH:1
BRDA:1,1,0,1
BRDA:1,1,1,1
BRF:2
BRH:2
end_of_record
TN:
SF:C:\_dev2\g2moku\src\js\states\ScreenTest.js
FNF:0
FNH:0
DA:1,1
LF:1
LH:1
BRDA:1,1,0,1
BRDA:1,1,1,1
BRF:2
BRH:2
end_of_record
